# JRE version: Java(TM) SE Runtime Environment (8.0_111-b14) (build 1.8.0_111-b14)
# Java VM: Java HotSpot(TM) 64-Bit Server VM (25.111-b14 mixed mode windows-amd64 compressed oops)
Heap:
 PSYoungGen      total 688640K, used 477274K [0x000000076af80000, 0x0000000796680000, 0x00000007c0000000)
  eden space 665600K, 71% used [0x000000076af80000,0x0000000788132a28,0x0000000793980000)
  from space 23040K, 1% used [0x0000000793980000,0x00000007939e4020,0x0000000795000000)
  to   space 4096K, 0% used [0x0000000796280000,0x0000000796280000,0x0000000796680000)
 ParOldGen       total 120320K, used 50769K [0x00000006c0e00000, 0x00000006c8380000, 0x000000076af80000)
  object space 120320K, 42% used [0x00000006c0e00000,0x00000006c3f94678,0x00000006c8380000)
 Metaspace       used 47164K, capacity 47924K, committed 48216K, reserved 1091584K
  class space    used 6292K, capacity 6521K, committed 6528K, reserved 1048576K
GC Heap History (10 events):
Event: 11.902 GC heap before
{Heap before GC invocations=13 (full 2):
 PSYoungGen      total 463360K, used 463328K [0x000000076af80000, 0x0000000788c00000, 0x00000007c0000000)
  eden space 445952K, 100% used [0x000000076af80000,0x0000000786300000,0x0000000786300000)
  from space 17408K, 99% used [0x0000000787700000,0x00000007887f80d0,0x0000000788800000)
  to   space 20480K, 0% used [0x0000000786300000,0x0000000786300000,0x0000000787700000)
 ParOldGen       total 120320K, used 33254K [0x00000006c0e00000, 0x00000006c8380000, 0x000000076af80000)
  object space 120320K, 27% used [0x00000006c0e00000,0x00000006c2e79ba8,0x00000006c8380000)
 Metaspace       used 39936K, capacity 40582K, committed 40920K, reserved 1085440K
  class space    used 5579K, capacity 5773K, committed 5888K, reserved 1048576K
Event: 11.911 GC heap after
Heap after GC invocations=13 (full 2):
 PSYoungGen      total 466432K, used 160K [0x000000076af80000, 0x0000000791000000, 0x00000007c0000000)
  eden space 445952K, 0% used [0x000000076af80000,0x000000076af80000,0x0000000786300000)
  from space 20480K, 0% used [0x0000000786300000,0x0000000786328000,0x0000000787700000)
  to   space 22016K, 0% used [0x000000078fa80000,0x000000078fa80000,0x0000000791000000)
 ParOldGen       total 120320K, used 50713K [0x00000006c0e00000, 0x00000006c8380000, 0x000000076af80000)
  object space 120320K, 42% used [0x00000006c0e00000,0x00000006c3f86678,0x00000006c8380000)
 Metaspace       used 39936K, capacity 40582K, committed 40920K, reserved 1085440K
  class space    used 5579K, capacity 5773K, committed 5888K, reserved 1048576K
}
Event: 13.247 GC heap before
{Heap before GC invocations=14 (full 2):
 PSYoungGen      total 466432K, used 446112K [0x000000076af80000, 0x0000000791000000, 0x00000007c0000000)
  eden space 445952K, 100% used [0x000000076af80000,0x0000000786300000,0x0000000786300000)
  from space 20480K, 0% used [0x0000000786300000,0x0000000786328000,0x0000000787700000)
  to   space 22016K, 0% used [0x000000078fa80000,0x000000078fa80000,0x0000000791000000)
 ParOldGen       total 120320K, used 50713K [0x00000006c0e00000, 0x00000006c8380000, 0x000000076af80000)
  object space 120320K, 42% used [0x00000006c0e00000,0x00000006c3f86678,0x00000006c8380000)
 Metaspace       used 39936K, capacity 40582K, committed 40920K, reserved 1085440K
  class space    used 5579K, capacity 5773K, committed 5888K, reserved 1048576K
Event: 13.248 GC heap after
Heap after GC invocations=14 (full 2):
 PSYoungGen      total 566272K, used 224K [0x000000076af80000, 0x000000078ff80000, 0x00000007c0000000)
  eden space 561152K, 0% used [0x000000076af80000,0x000000076af80000,0x000000078d380000)
  from space 5120K, 4% used [0x000000078fa80000,0x000000078fab8000,0x000000078ff80000)
  to   space 22528K, 0% used [0x000000078d380000,0x000000078d380000,0x000000078e980000)
 ParOldGen       total 120320K, used 50761K [0x00000006c0e00000, 0x00000006c8380000, 0x000000076af80000)
  object space 120320K, 42% used [0x00000006c0e00000,0x00000006c3f92678,0x00000006c8380000)
 Metaspace       used 39936K, capacity 40582K, committed 40920K, reserved 1085440K
  class space    used 5579K, capacity 5773K, committed 5888K, reserved 1048576K
}
Event: 14.910 GC heap before
{Heap before GC invocations=15 (full 2):
 PSYoungGen      total 566272K, used 561376K [0x000000076af80000, 0x000000078ff80000, 0x00000007c0000000)
  eden space 561152K, 100% used [0x000000076af80000,0x000000078d380000,0x000000078d380000)
  from space 5120K, 4% used [0x000000078fa80000,0x000000078fab8000,0x000000078ff80000)
  to   space 22528K, 0% used [0x000000078d380000,0x000000078d380000,0x000000078e980000)
 ParOldGen       total 120320K, used 50761K [0x00000006c0e00000, 0x00000006c8380000, 0x000000076af80000)
  object space 120320K, 42% used [0x00000006c0e00000,0x00000006c3f92678,0x00000006c8380000)
 Metaspace       used 39937K, capacity 40582K, committed 40920K, reserved 1085440K
  class space    used 5579K, capacity 5773K, committed 5888K, reserved 1048576K
Event: 14.912 GC heap after
Heap after GC invocations=15 (full 2):
 PSYoungGen      total 583680K, used 192K [0x000000076af80000, 0x0000000797900000, 0x00000007c0000000)
  eden space 561152K, 0% used [0x000000076af80000,0x000000076af80000,0x000000078d380000)
  from space 22528K, 0% used [0x000000078d380000,0x000000078d3b0000,0x000000078e980000)
  to   space 23040K, 0% used [0x0000000796280000,0x0000000796280000,0x0000000797900000)
 ParOldGen       total 120320K, used 50761K [0x00000006c0e00000, 0x00000006c8380000, 0x000000076af80000)
  object space 120320K, 42% used [0x00000006c0e00000,0x00000006c3f92678,0x00000006c8380000)
 Metaspace       used 39937K, capacity 40582K, committed 40920K, reserved 1085440K
  class space    used 5579K, capacity 5773K, committed 5888K, reserved 1048576K
}
Event: 16.235 GC heap before
{Heap before GC invocations=16 (full 2):
 PSYoungGen      total 583680K, used 561344K [0x000000076af80000, 0x0000000797900000, 0x00000007c0000000)
  eden space 561152K, 100% used [0x000000076af80000,0x000000078d380000,0x000000078d380000)
  from space 22528K, 0% used [0x000000078d380000,0x000000078d3b0000,0x000000078e980000)
  to   space 23040K, 0% used [0x0000000796280000,0x0000000796280000,0x0000000797900000)
 ParOldGen       total 120320K, used 50761K [0x00000006c0e00000, 0x00000006c8380000, 0x000000076af80000)
  object space 120320K, 42% used [0x00000006c0e00000,0x00000006c3f92678,0x00000006c8380000)
 Metaspace       used 39943K, capacity 40582K, committed 40920K, reserved 1085440K
  class space    used 5579K, capacity 5773K, committed 5888K, reserved 1048576K
Event: 16.236 GC heap after
Heap after GC invocations=16 (full 2):
 PSYoungGen      total 669696K, used 192K [0x000000076af80000, 0x0000000796680000, 0x00000007c0000000)
  eden space 665600K, 0% used [0x000000076af80000,0x000000076af80000,0x0000000793980000)
  from space 4096K, 4% used [0x0000000796280000,0x00000007962b0000,0x0000000796680000)
  to   space 23040K, 0% used [0x0000000793980000,0x0000000793980000,0x0000000795000000)
 ParOldGen       total 120320K, used 50761K [0x00000006c0e00000, 0x00000006c8380000, 0x000000076af80000)
  object space 120320K, 42% used [0x00000006c0e00000,0x00000006c3f92678,0x00000006c8380000)
 Metaspace       used 39943K, capacity 40582K, committed 40920K, reserved 1085440K
  class space    used 5579K, capacity 5773K, committed 5888K, reserved 1048576K
}
Event: 17.853 GC heap before
{Heap before GC invocations=17 (full 2):
 PSYoungGen      total 669696K, used 665792K [0x000000076af80000, 0x0000000796680000, 0x00000007c0000000)
  eden space 665600K, 100% used [0x000000076af80000,0x0000000793980000,0x0000000793980000)
  from space 4096K, 4% used [0x0000000796280000,0x00000007962b0000,0x0000000796680000)
  to   space 23040K, 0% used [0x0000000793980000,0x0000000793980000,0x0000000795000000)
 ParOldGen       total 120320K, used 50761K [0x00000006c0e00000, 0x00000006c8380000, 0x000000076af80000)
  object space 120320K, 42% used [0x00000006c0e00000,0x00000006c3f92678,0x00000006c8380000)
 Metaspace       used 39973K, capacity 40612K, committed 40920K, reserved 1085440K
  class space    used 5582K, capacity 5778K, committed 5888K, reserved 1048576K
Event: 17.855 GC heap after
Heap after GC invocations=17 (full 2):
 PSYoungGen      total 688640K, used 400K [0x000000076af80000, 0x0000000796680000, 0x00000007c0000000)
  eden space 665600K, 0% used [0x000000076af80000,0x000000076af80000,0x0000000793980000)
  from space 23040K, 1% used [0x0000000793980000,0x00000007939e4020,0x0000000795000000)
  to   space 4096K, 0% used [0x0000000796280000,0x0000000796280000,0x0000000796680000)
 ParOldGen       total 120320K, used 50769K [0x00000006c0e00000, 0x00000006c8380000, 0x000000076af80000)
  object space 120320K, 42% used [0x00000006c0e00000,0x00000006c3f94678,0x00000006c8380000)
 Metaspace       used 39973K, capacity 40612K, committed 40920K, reserved 1085440K
  class space    used 5582K, capacity 5778K, committed 5888K, reserved 1048576K
}

