# JRE version: Java(TM) SE Runtime Environment (8.0_111-b14) (build 1.8.0_111-b14)
# Java VM: Java HotSpot(TM) 64-Bit Server VM (25.111-b14 mixed mode windows-amd64 compressed oops)
Heap:
 PSYoungGen      total 640512K, used 468620K [0x000000076af80000, 0x0000000793a80000, 0x00000007c0000000)
  eden space 614400K, 76% used [0x000000076af80000,0x00000007878c3168,0x0000000790780000)
  from space 26112K, 1% used [0x0000000790780000,0x00000007907e0000,0x0000000792100000)
  to   space 7168K, 0% used [0x0000000793380000,0x0000000793380000,0x0000000793a80000)
 ParOldGen       total 113664K, used 51234K [0x00000006c0e00000, 0x00000006c7d00000, 0x000000076af80000)
  object space 113664K, 45% used [0x00000006c0e00000,0x00000006c4008b80,0x00000006c7d00000)
 Metaspace       used 47368K, capacity 48128K, committed 48472K, reserved 1091584K
  class space    used 6300K, capacity 6523K, committed 6528K, reserved 1048576K
GC Heap History (10 events):
Event: 13.126 GC heap before
{Heap before GC invocations=13 (full 2):
 PSYoungGen      total 525824K, used 521024K [0x000000076af80000, 0x000000078cc00000, 0x00000007c0000000)
  eden space 505344K, 100% used [0x000000076af80000,0x0000000789d00000,0x0000000789d00000)
  from space 20480K, 76% used [0x000000078b800000,0x000000078c7500d0,0x000000078cc00000)
  to   space 24064K, 0% used [0x0000000789d00000,0x0000000789d00000,0x000000078b480000)
 ParOldGen       total 113664K, used 35580K [0x00000006c0e00000, 0x00000006c7d00000, 0x000000076af80000)
  object space 113664K, 31% used [0x00000006c0e00000,0x00000006c30bf3b0,0x00000006c7d00000)
 Metaspace       used 39956K, capacity 40626K, committed 40920K, reserved 1085440K
  class space    used 5585K, capacity 5807K, committed 5888K, reserved 1048576K
Event: 13.135 GC heap after
Heap after GC invocations=13 (full 2):
 PSYoungGen      total 529408K, used 224K [0x000000076af80000, 0x000000078cc00000, 0x00000007c0000000)
  eden space 505344K, 0% used [0x000000076af80000,0x000000076af80000,0x0000000789d00000)
  from space 24064K, 0% used [0x0000000789d00000,0x0000000789d38000,0x000000078b480000)
  to   space 20480K, 0% used [0x000000078b800000,0x000000078b800000,0x000000078cc00000)
 ParOldGen       total 113664K, used 51154K [0x00000006c0e00000, 0x00000006c7d00000, 0x000000076af80000)
  object space 113664K, 45% used [0x00000006c0e00000,0x00000006c3ff4b80,0x00000006c7d00000)
 Metaspace       used 39956K, capacity 40626K, committed 40920K, reserved 1085440K
  class space    used 5585K, capacity 5807K, committed 5888K, reserved 1048576K
}
Event: 14.829 GC heap before
{Heap before GC invocations=14 (full 2):
 PSYoungGen      total 529408K, used 505568K [0x000000076af80000, 0x000000078cc00000, 0x00000007c0000000)
  eden space 505344K, 100% used [0x000000076af80000,0x0000000789d00000,0x0000000789d00000)
  from space 24064K, 0% used [0x0000000789d00000,0x0000000789d38000,0x000000078b480000)
  to   space 20480K, 0% used [0x000000078b800000,0x000000078b800000,0x000000078cc00000)
 ParOldGen       total 113664K, used 51154K [0x00000006c0e00000, 0x00000006c7d00000, 0x000000076af80000)
  object space 113664K, 45% used [0x00000006c0e00000,0x00000006c3ff4b80,0x00000006c7d00000)
 Metaspace       used 39956K, capacity 40626K, committed 40920K, reserved 1085440K
  class space    used 5585K, capacity 5807K, committed 5888K, reserved 1048576K
Event: 14.830 GC heap after
Heap after GC invocations=14 (full 2):
 PSYoungGen      total 525824K, used 256K [0x000000076af80000, 0x000000078cc00000, 0x00000007c0000000)
  eden space 505344K, 0% used [0x000000076af80000,0x000000076af80000,0x0000000789d00000)
  from space 20480K, 1% used [0x000000078b800000,0x000000078b840000,0x000000078cc00000)
  to   space 24064K, 0% used [0x0000000789d00000,0x0000000789d00000,0x000000078b480000)
 ParOldGen       total 113664K, used 51202K [0x00000006c0e00000, 0x00000006c7d00000, 0x000000076af80000)
  object space 113664K, 45% used [0x00000006c0e00000,0x00000006c4000b80,0x00000006c7d00000)
 Metaspace       used 39956K, capacity 40626K, committed 40920K, reserved 1085440K
  class space    used 5585K, capacity 5807K, committed 5888K, reserved 1048576K
}
Event: 16.255 GC heap before
{Heap before GC invocations=15 (full 2):
 PSYoungGen      total 525824K, used 505600K [0x000000076af80000, 0x000000078cc00000, 0x00000007c0000000)
  eden space 505344K, 100% used [0x000000076af80000,0x0000000789d00000,0x0000000789d00000)
  from space 20480K, 1% used [0x000000078b800000,0x000000078b840000,0x000000078cc00000)
  to   space 24064K, 0% used [0x0000000789d00000,0x0000000789d00000,0x000000078b480000)
 ParOldGen       total 113664K, used 51202K [0x00000006c0e00000, 0x00000006c7d00000, 0x000000076af80000)
  object space 113664K, 45% used [0x00000006c0e00000,0x00000006c4000b80,0x00000006c7d00000)
 Metaspace       used 39956K, capacity 40626K, committed 40920K, reserved 1085440K
  class space    used 5585K, capacity 5807K, committed 5888K, reserved 1048576K
Event: 16.257 GC heap after
Heap after GC invocations=15 (full 2):
 PSYoungGen      total 529408K, used 192K [0x000000076af80000, 0x0000000794d00000, 0x00000007c0000000)
  eden space 505344K, 0% used [0x000000076af80000,0x000000076af80000,0x0000000789d00000)
  from space 24064K, 0% used [0x0000000789d00000,0x0000000789d30000,0x000000078b480000)
  to   space 26112K, 0% used [0x0000000793380000,0x0000000793380000,0x0000000794d00000)
 ParOldGen       total 113664K, used 51226K [0x00000006c0e00000, 0x00000006c7d00000, 0x000000076af80000)
  object space 113664K, 45% used [0x00000006c0e00000,0x00000006c4006b80,0x00000006c7d00000)
 Metaspace       used 39956K, capacity 40626K, committed 40920K, reserved 1085440K
  class space    used 5585K, capacity 5807K, committed 5888K, reserved 1048576K
}
Event: 17.562 GC heap before
{Heap before GC invocations=16 (full 2):
 PSYoungGen      total 529408K, used 505536K [0x000000076af80000, 0x0000000794d00000, 0x00000007c0000000)
  eden space 505344K, 100% used [0x000000076af80000,0x0000000789d00000,0x0000000789d00000)
  from space 24064K, 0% used [0x0000000789d00000,0x0000000789d30000,0x000000078b480000)
  to   space 26112K, 0% used [0x0000000793380000,0x0000000793380000,0x0000000794d00000)
 ParOldGen       total 113664K, used 51226K [0x00000006c0e00000, 0x00000006c7d00000, 0x000000076af80000)
  object space 113664K, 45% used [0x00000006c0e00000,0x00000006c4006b80,0x00000006c7d00000)
 Metaspace       used 39965K, capacity 40626K, committed 40920K, reserved 1085440K
  class space    used 5585K, capacity 5807K, committed 5888K, reserved 1048576K
Event: 17.563 GC heap after
Heap after GC invocations=16 (full 2):
 PSYoungGen      total 621568K, used 192K [0x000000076af80000, 0x0000000793a80000, 0x00000007c0000000)
  eden space 614400K, 0% used [0x000000076af80000,0x000000076af80000,0x0000000790780000)
  from space 7168K, 2% used [0x0000000793380000,0x00000007933b0000,0x0000000793a80000)
  to   space 26112K, 0% used [0x0000000790780000,0x0000000790780000,0x0000000792100000)
 ParOldGen       total 113664K, used 51226K [0x00000006c0e00000, 0x00000006c7d00000, 0x000000076af80000)
  object space 113664K, 45% used [0x00000006c0e00000,0x00000006c4006b80,0x00000006c7d00000)
 Metaspace       used 39965K, capacity 40626K, committed 40920K, reserved 1085440K
  class space    used 5585K, capacity 5807K, committed 5888K, reserved 1048576K
}
Event: 19.075 GC heap before
{Heap before GC invocations=17 (full 2):
 PSYoungGen      total 621568K, used 614592K [0x000000076af80000, 0x0000000793a80000, 0x00000007c0000000)
  eden space 614400K, 100% used [0x000000076af80000,0x0000000790780000,0x0000000790780000)
  from space 7168K, 2% used [0x0000000793380000,0x00000007933b0000,0x0000000793a80000)
  to   space 26112K, 0% used [0x0000000790780000,0x0000000790780000,0x0000000792100000)
 ParOldGen       total 113664K, used 51226K [0x00000006c0e00000, 0x00000006c7d00000, 0x000000076af80000)
  object space 113664K, 45% used [0x00000006c0e00000,0x00000006c4006b80,0x00000006c7d00000)
 Metaspace       used 39999K, capacity 40720K, committed 41176K, reserved 1085440K
  class space    used 5587K, capacity 5812K, committed 5888K, reserved 1048576K
Event: 19.076 GC heap after
Heap after GC invocations=17 (full 2):
 PSYoungGen      total 640512K, used 384K [0x000000076af80000, 0x0000000793a80000, 0x00000007c0000000)
  eden space 614400K, 0% used [0x000000076af80000,0x000000076af80000,0x0000000790780000)
  from space 26112K, 1% used [0x0000000790780000,0x00000007907e0000,0x0000000792100000)
  to   space 7168K, 0% used [0x0000000793380000,0x0000000793380000,0x0000000793a80000)
 ParOldGen       total 113664K, used 51234K [0x00000006c0e00000, 0x00000006c7d00000, 0x000000076af80000)
  object space 113664K, 45% used [0x00000006c0e00000,0x00000006c4008b80,0x00000006c7d00000)
 Metaspace       used 39999K, capacity 40720K, committed 41176K, reserved 1085440K
  class space    used 5587K, capacity 5812K, committed 5888K, reserved 1048576K
}

