# JRE version: Java(TM) SE Runtime Environment (8.0_111-b14) (build 1.8.0_111-b14)
# Java VM: Java HotSpot(TM) 64-Bit Server VM (25.111-b14 mixed mode windows-amd64 compressed oops)
Heap:
 PSYoungGen      total 711168K, used 270258K [0x000000076af80000, 0x0000000797c80000, 0x00000007c0000000)
  eden space 688640K, 38% used [0x000000076af80000,0x000000077b4848a0,0x0000000795000000)
  from space 22528K, 13% used [0x0000000795080000,0x0000000795368000,0x0000000796680000)
  to   space 2560K, 0% used [0x0000000797a00000,0x0000000797a00000,0x0000000797c80000)
 ParOldGen       total 116736K, used 50887K [0x00000006c0e00000, 0x00000006c8000000, 0x000000076af80000)
  object space 116736K, 43% used [0x00000006c0e00000,0x00000006c3fb1e38,0x00000006c8000000)
 Metaspace       used 45720K, capacity 46458K, committed 46552K, reserved 1089536K
  class space    used 6167K, capacity 6394K, committed 6400K, reserved 1048576K
GC Heap History (10 events):
Event: 15.171 GC heap before
{Heap before GC invocations=13 (full 2):
 PSYoungGen      total 483328K, used 483297K [0x000000076af80000, 0x000000078a200000, 0x00000007c0000000)
  eden space 465920K, 100% used [0x000000076af80000,0x0000000787680000,0x0000000787680000)
  from space 17408K, 99% used [0x0000000788a80000,0x0000000789b78510,0x0000000789b80000)
  to   space 20480K, 0% used [0x0000000787680000,0x0000000787680000,0x0000000788a80000)
 ParOldGen       total 116736K, used 33372K [0x00000006c0e00000, 0x00000006c8000000, 0x000000076af80000)
  object space 116736K, 28% used [0x00000006c0e00000,0x00000006c2e97180,0x00000006c8000000)
 Metaspace       used 39972K, capacity 40620K, committed 40920K, reserved 1085440K
  class space    used 5584K, capacity 5806K, committed 5888K, reserved 1048576K
Event: 15.180 GC heap after
Heap after GC invocations=13 (full 2):
 PSYoungGen      total 486400K, used 192K [0x000000076af80000, 0x0000000792700000, 0x00000007c0000000)
  eden space 465920K, 0% used [0x000000076af80000,0x000000076af80000,0x0000000787680000)
  from space 20480K, 0% used [0x0000000787680000,0x00000007876b0000,0x0000000788a80000)
  to   space 22016K, 0% used [0x0000000791180000,0x0000000791180000,0x0000000792700000)
 ParOldGen       total 116736K, used 50823K [0x00000006c0e00000, 0x00000006c8000000, 0x000000076af80000)
  object space 116736K, 43% used [0x00000006c0e00000,0x00000006c3fa1e38,0x00000006c8000000)
 Metaspace       used 39972K, capacity 40620K, committed 40920K, reserved 1085440K
  class space    used 5584K, capacity 5806K, committed 5888K, reserved 1048576K
}
Event: 16.855 GC heap before
{Heap before GC invocations=14 (full 2):
 PSYoungGen      total 486400K, used 466112K [0x000000076af80000, 0x0000000792700000, 0x00000007c0000000)
  eden space 465920K, 100% used [0x000000076af80000,0x0000000787680000,0x0000000787680000)
  from space 20480K, 0% used [0x0000000787680000,0x00000007876b0000,0x0000000788a80000)
  to   space 22016K, 0% used [0x0000000791180000,0x0000000791180000,0x0000000792700000)
 ParOldGen       total 116736K, used 50823K [0x00000006c0e00000, 0x00000006c8000000, 0x000000076af80000)
  object space 116736K, 43% used [0x00000006c0e00000,0x00000006c3fa1e38,0x00000006c8000000)
 Metaspace       used 39972K, capacity 40620K, committed 40920K, reserved 1085440K
  class space    used 5584K, capacity 5806K, committed 5888K, reserved 1048576K
Event: 16.856 GC heap after
Heap after GC invocations=14 (full 2):
 PSYoungGen      total 587776K, used 224K [0x000000076af80000, 0x0000000791580000, 0x00000007c0000000)
  eden space 583680K, 0% used [0x000000076af80000,0x000000076af80000,0x000000078e980000)
  from space 4096K, 5% used [0x0000000791180000,0x00000007911b8000,0x0000000791580000)
  to   space 22528K, 0% used [0x000000078e980000,0x000000078e980000,0x000000078ff80000)
 ParOldGen       total 116736K, used 50871K [0x00000006c0e00000, 0x00000006c8000000, 0x000000076af80000)
  object space 116736K, 43% used [0x00000006c0e00000,0x00000006c3fade38,0x00000006c8000000)
 Metaspace       used 39972K, capacity 40620K, committed 40920K, reserved 1085440K
  class space    used 5584K, capacity 5806K, committed 5888K, reserved 1048576K
}
Event: 18.974 GC heap before
{Heap before GC invocations=15 (full 2):
 PSYoungGen      total 587776K, used 583904K [0x000000076af80000, 0x0000000791580000, 0x00000007c0000000)
  eden space 583680K, 100% used [0x000000076af80000,0x000000078e980000,0x000000078e980000)
  from space 4096K, 5% used [0x0000000791180000,0x00000007911b8000,0x0000000791580000)
  to   space 22528K, 0% used [0x000000078e980000,0x000000078e980000,0x000000078ff80000)
 ParOldGen       total 116736K, used 50871K [0x00000006c0e00000, 0x00000006c8000000, 0x000000076af80000)
  object space 116736K, 43% used [0x00000006c0e00000,0x00000006c3fade38,0x00000006c8000000)
 Metaspace       used 39972K, capacity 40620K, committed 40920K, reserved 1085440K
  class space    used 5584K, capacity 5806K, committed 5888K, reserved 1048576K
Event: 18.976 GC heap after
Heap after GC invocations=15 (full 2):
 PSYoungGen      total 606208K, used 192K [0x000000076af80000, 0x0000000799080000, 0x00000007c0000000)
  eden space 583680K, 0% used [0x000000076af80000,0x000000076af80000,0x000000078e980000)
  from space 22528K, 0% used [0x000000078e980000,0x000000078e9b0000,0x000000078ff80000)
  to   space 23040K, 0% used [0x0000000797a00000,0x0000000797a00000,0x0000000799080000)
 ParOldGen       total 116736K, used 50871K [0x00000006c0e00000, 0x00000006c8000000, 0x000000076af80000)
  object space 116736K, 43% used [0x00000006c0e00000,0x00000006c3fade38,0x00000006c8000000)
 Metaspace       used 39972K, capacity 40620K, committed 40920K, reserved 1085440K
  class space    used 5584K, capacity 5806K, committed 5888K, reserved 1048576K
}
Event: 20.817 GC heap before
{Heap before GC invocations=16 (full 2):
 PSYoungGen      total 606208K, used 583872K [0x000000076af80000, 0x0000000799080000, 0x00000007c0000000)
  eden space 583680K, 100% used [0x000000076af80000,0x000000078e980000,0x000000078e980000)
  from space 22528K, 0% used [0x000000078e980000,0x000000078e9b0000,0x000000078ff80000)
  to   space 23040K, 0% used [0x0000000797a00000,0x0000000797a00000,0x0000000799080000)
 ParOldGen       total 116736K, used 50871K [0x00000006c0e00000, 0x00000006c8000000, 0x000000076af80000)
  object space 116736K, 43% used [0x00000006c0e00000,0x00000006c3fade38,0x00000006c8000000)
 Metaspace       used 39981K, capacity 40620K, committed 40920K, reserved 1085440K
  class space    used 5584K, capacity 5806K, committed 5888K, reserved 1048576K
Event: 20.819 GC heap after
Heap after GC invocations=16 (full 2):
 PSYoungGen      total 691200K, used 2176K [0x000000076af80000, 0x0000000797c80000, 0x00000007c0000000)
  eden space 688640K, 0% used [0x000000076af80000,0x000000076af80000,0x0000000795000000)
  from space 2560K, 85% used [0x0000000797a00000,0x0000000797c20060,0x0000000797c80000)
  to   space 22528K, 0% used [0x0000000795080000,0x0000000795080000,0x0000000796680000)
 ParOldGen       total 116736K, used 50879K [0x00000006c0e00000, 0x00000006c8000000, 0x000000076af80000)
  object space 116736K, 43% used [0x00000006c0e00000,0x00000006c3fafe38,0x00000006c8000000)
 Metaspace       used 39981K, capacity 40620K, committed 40920K, reserved 1085440K
  class space    used 5584K, capacity 5806K, committed 5888K, reserved 1048576K
}
Event: 24.439 GC heap before
{Heap before GC invocations=17 (full 2):
 PSYoungGen      total 691200K, used 690816K [0x000000076af80000, 0x0000000797c80000, 0x00000007c0000000)
  eden space 688640K, 100% used [0x000000076af80000,0x0000000795000000,0x0000000795000000)
  from space 2560K, 85% used [0x0000000797a00000,0x0000000797c20060,0x0000000797c80000)
  to   space 22528K, 0% used [0x0000000795080000,0x0000000795080000,0x0000000796680000)
 ParOldGen       total 116736K, used 50879K [0x00000006c0e00000, 0x00000006c8000000, 0x000000076af80000)
  object space 116736K, 43% used [0x00000006c0e00000,0x00000006c3fafe38,0x00000006c8000000)
 Metaspace       used 40430K, capacity 41192K, committed 41432K, reserved 1085440K
  class space    used 5595K, capacity 5816K, committed 5888K, reserved 1048576K
Event: 24.443 GC heap after
Heap after GC invocations=17 (full 2):
 PSYoungGen      total 711168K, used 2976K [0x000000076af80000, 0x0000000797c80000, 0x00000007c0000000)
  eden space 688640K, 0% used [0x000000076af80000,0x000000076af80000,0x0000000795000000)
  from space 22528K, 13% used [0x0000000795080000,0x0000000795368000,0x0000000796680000)
  to   space 2560K, 0% used [0x0000000797a00000,0x0000000797a00000,0x0000000797c80000)
 ParOldGen       total 116736K, used 50887K [0x00000006c0e00000, 0x00000006c8000000, 0x000000076af80000)
  object space 116736K, 43% used [0x00000006c0e00000,0x00000006c3fb1e38,0x00000006c8000000)
 Metaspace       used 40430K, capacity 41192K, committed 41432K, reserved 1085440K
  class space    used 5595K, capacity 5816K, committed 5888K, reserved 1048576K
}

